<?xml version="1.0" encoding="UTF-8"?>
<!-- Generated by org.testng.reporters.JUnitXMLReporter -->
<testsuite hostname="DESKTOP-MUQUGSJ" ignored="0" name="Hayoumethod_login" tests="1" failures="1" timestamp="19 Jul 2018 23:34:49 GMT" time="0.21" errors="0">
  <testcase name="@AfterMethod setup" time="0.0" classname="com.hayoumethod.framework.tests.account.LoginPageTest">
    <failure type="java.lang.NullPointerException">
      <![CDATA[java.lang.NullPointerException
at com.hayoumethod.framework.tests.account.LoginPageTest.setup(LoginPageTest.java:49)
... Removed 28 stack frames]]>
    </failure>
  </testcase> <!-- @AfterMethod setup -->
  <testcase name="validateLoginProcess" time="0.004" classname="com.hayoumethod.framework.tests.account.LoginPageTest">
    <failure type="java.lang.NullPointerException">
      <![CDATA[java.lang.NullPointerException
at com.hayoumethod.framework.tests.account.LoginPageTest.validateLoginProcess(LoginPageTest.java:56)
... Removed 25 stack frames]]>
    </failure>
  </testcase> <!-- validateLoginProcess -->
</testsuite> <!-- Hayoumethod_login -->
