<?xml version="1.0" encoding="UTF-8"?>
<testsuite xmlns:xsi="http://www.w3.org/2001/XMLSchema-instance" xsi:noNamespaceSchemaLocation="https://maven.apache.org/surefire/maven-surefire-plugin/xsd/surefire-test-report.xsd" name="TestSuite" time="82.39" tests="1" errors="0" skipped="0" failures="1">
  <properties>
[...]
</properties>
  <testcase name="validateLoginProcess" classname="com.hayoumethod.framework.tests.account.LoginPageTest" time="23.408">
    <failure message="expected [My Dashboard] but found [My account]" type="java.lang.AssertionError">java.lang.AssertionError: expected [My Dashboard] but found [My account]
	at com.hayoumethod.framework.tests.account.LoginPageTest.validateLoginProcess(LoginPageTest.java:65)
</failure>
    <system-out><![CDATA[Launch http://www.hayoumethod.com/ on CH
Now Homepage is in display
*******Now navigate to login page*******
In navigateToLoginPage() Method 
1
2
Out Of navigateToLoginPage() Method 
*******Login page is in display*******
in validateLoginProcess method
*******In validateLogin method*********
Go to Test Data folder
 Go to Test Data sheet 
Identify the test data row
Get the data from row
Data taken in Hashmap
celcount2
richie.ipp@gmail.com
String0
LIFEisdifficult1
String1
*******Data reading done from Testdata sheet**************Value entered in email field*******
*******Value entered in password field*******
*******Signin button clicked*******
*******Login done and user navigated to Account Dashboard page*******
*******Out Of  validateLogin method*******
login done using data from test data sheet
actualTitle = My account
Login process validation done
in final method
My account
]]></system-out>
    <system-err><![CDATA[log4j:WARN No appenders could be found for logger (com.hayoumethod.framework.genericclasses.UI_GenericMethods1).
log4j:WARN Please initialize the log4j system properly.
log4j:WARN See http://logging.apache.org/log4j/1.2/faq.html#noconfig for more info.
Starting ChromeDriver 2.38.552522 (437e6fbedfa8762dec75e2c5b3ddb86763dc9dcb) on port 6361
Only local connections are allowed.
Jul 21, 2018 1:43:29 AM org.openqa.selenium.remote.ProtocolHandshake createSession
INFO: Detected dialect: OSS
]]></system-err>
  </testcase>
</testsuite>