<?xml version="1.0" encoding="UTF-8"?>
<!-- Generated by org.testng.reporters.JUnitXMLReporter -->
<testsuite hostname="DESKTOP-MUQUGSJ" ignored="0" name="Hayoumethod_login" tests="1" failures="1" timestamp="20 Jul 2018 20:14:39 GMT" time="76.471" errors="0">
  <testcase name="validateLoginProcess" time="23.411" classname="com.hayoumethod.framework.tests.account.LoginPageTest">
    <failure type="java.lang.AssertionError" message="expected [My Dashboard] but found [My account]">
      <![CDATA[java.lang.AssertionError: expected [My Dashboard] but found [My account]
at com.hayoumethod.framework.tests.account.LoginPageTest.validateLoginProcess(LoginPageTest.java:65)
... Removed 35 stack frames]]>
    </failure>
  </testcase> <!-- validateLoginProcess -->
</testsuite> <!-- Hayoumethod_login -->
